<?xml version="1.0" encoding="UTF-8"?>
<coverage generated="1716036085965" clover="3.2.0">
  <project timestamp="1716036085965" name="All files">
    <metrics statements="26" coveredstatements="25" conditionals="2" coveredconditionals="2" methods="6" coveredmethods="5" elements="34" coveredelements="32" complexity="0" loc="26" ncloc="26" packages="1" files="1" classes="1"/>
    <file name="main.js" path="D:\work\ocr\main.js">
      <metrics statements="26" coveredstatements="25" conditionals="2" coveredconditionals="2" methods="6" coveredmethods="5"/>
      <line num="7" count="1" type="stmt"/>
      <line num="8" count="1" type="stmt"/>
      <line num="9" count="1" type="stmt"/>
      <line num="14" count="1" type="stmt"/>
      <line num="19" count="1" type="stmt"/>
      <line num="26" count="14" type="stmt"/>
      <line num="27" count="14" type="stmt"/>
      <line num="36" count="6" type="stmt"/>
      <line num="37" count="6" type="stmt"/>
      <line num="39" count="6" type="stmt"/>
      <line num="42" count="6" type="stmt"/>
      <line num="43" count="5" type="stmt"/>
      <line num="45" count="1" type="stmt"/>
      <line num="46" count="1" type="stmt"/>
      <line num="55" count="3" type="stmt"/>
      <line num="57" count="3" type="stmt"/>
      <line num="59" count="4" type="cond" truecount="2" falsecount="0"/>
      <line num="61" count="2" type="stmt"/>
      <line num="62" count="2" type="stmt"/>
      <line num="64" count="2" type="stmt"/>
      <line num="65" count="2" type="stmt"/>
      <line num="69" count="1" type="stmt"/>
      <line num="71" count="1" type="stmt"/>
      <line num="73" count="0" type="stmt"/>
      <line num="76" count="1" type="stmt"/>
      <line num="79" count="1" type="stmt"/>
    </file>
  </project>
</coverage>
