{"D:\\work\\ocr\\main.js": {"path":"D:\\work\\ocr\\main.js","statementMap":{"0":{"start":{"line":7,"column":11},"end":{"line":7,"column":24}},"1":{"start":{"line":8,"column":13},"end":{"line":8,"column":28}},"2":{"start":{"line":9,"column":18},"end":{"line":9,"column":41}},"3":{"start":{"line":14,"column":27},"end":{"line":14,"column":36}},"4":{"start":{"line":19,"column":17},"end":{"line":19,"column":26}},"5":{"start":{"line":26,"column":2},"end":{"line":26,"column":23}},"6":{"start":{"line":27,"column":2},"end":{"line":27,"column":46}},"7":{"start":{"line":36,"column":20},"end":{"line":36,"column":65}},"8":{"start":{"line":37,"column":2},"end":{"line":37,"column":50}},"9":{"start":{"line":39,"column":2},"end":{"line":47,"column":3}},"10":{"start":{"line":42,"column":8},"end":{"line":42,"column":51}},"11":{"start":{"line":43,"column":4},"end":{"line":43,"column":55}},"12":{"start":{"line":45,"column":4},"end":{"line":45,"column":64}},"13":{"start":{"line":46,"column":4},"end":{"line":46,"column":14}},"14":{"start":{"line":55,"column":2},"end":{"line":55,"column":40}},"15":{"start":{"line":57,"column":26},"end":{"line":59,"column":69}},"16":{"start":{"line":59,"column":22},"end":{"line":59,"column":68}},"17":{"start":{"line":61,"column":18},"end":{"line":61,"column":75}},"18":{"start":{"line":62,"column":24},"end":{"line":62,"column":40}},"19":{"start":{"line":64,"column":2},"end":{"line":64,"column":65}},"20":{"start":{"line":65,"column":2},"end":{"line":65,"column":73}},"21":{"start":{"line":69,"column":0},"end":{"line":69,"column":31}},"22":{"start":{"line":71,"column":0},"end":{"line":77,"column":5}},"23":{"start":{"line":73,"column":4},"end":{"line":73,"column":40}},"24":{"start":{"line":76,"column":4},"end":{"line":76,"column":47}},"25":{"start":{"line":79,"column":0},"end":{"line":83,"column":2}}},"fnMap":{"0":{"name":"log","decl":{"start":{"line":25,"column":9},"end":{"line":25,"column":12}},"loc":{"start":{"line":25,"column":22},"end":{"line":28,"column":1}},"line":25},"1":{"name":"processScreenshot","decl":{"start":{"line":35,"column":15},"end":{"line":35,"column":32}},"loc":{"start":{"line":35,"column":49},"end":{"line":48,"column":1}},"line":35},"2":{"name":"processScreenshots","decl":{"start":{"line":54,"column":15},"end":{"line":54,"column":33}},"loc":{"start":{"line":54,"column":36},"end":{"line":66,"column":1}},"line":54},"3":{"name":"(anonymous_3)","decl":{"start":{"line":59,"column":12},"end":{"line":59,"column":13}},"loc":{"start":{"line":59,"column":22},"end":{"line":59,"column":68}},"line":59},"4":{"name":"(anonymous_4)","decl":{"start":{"line":72,"column":8},"end":{"line":72,"column":9}},"loc":{"start":{"line":72,"column":14},"end":{"line":74,"column":3}},"line":72},"5":{"name":"(anonymous_5)","decl":{"start":{"line":75,"column":9},"end":{"line":75,"column":10}},"loc":{"start":{"line":75,"column":20},"end":{"line":77,"column":3}},"line":75}},"branchMap":{"0":{"loc":{"start":{"line":59,"column":22},"end":{"line":59,"column":68}},"type":"binary-expr","locations":[{"start":{"line":59,"column":22},"end":{"line":59,"column":43}},{"start":{"line":59,"column":47},"end":{"line":59,"column":68}}],"line":59}},"s":{"0":1,"1":1,"2":1,"3":1,"4":1,"5":14,"6":14,"7":6,"8":6,"9":6,"10":6,"11":5,"12":1,"13":1,"14":3,"15":3,"16":4,"17":2,"18":2,"19":2,"20":2,"21":1,"22":1,"23":0,"24":1,"25":1},"f":{"0":14,"1":6,"2":3,"3":4,"4":0,"5":1},"b":{"0":[4,2]},"_coverageSchema":"1a1c01bbd47fc00a2c39e90264f33305004495a9","hash":"6c6169c62a8e7467228d847703f7cbe2d5dbda9e"}
}
