TN:
SF:main.js
FN:25,log
FN:35,processScreenshot
FN:54,processScreenshots
FN:59,(anonymous_3)
FN:72,(anonymous_4)
FN:75,(anonymous_5)
FNF:6
FNH:5
FNDA:14,log
FNDA:6,processScreenshot
FNDA:3,processScreenshots
FNDA:4,(anonymous_3)
FNDA:0,(anonymous_4)
FNDA:1,(anonymous_5)
DA:7,1
DA:8,1
DA:9,1
DA:14,1
DA:19,1
DA:26,14
DA:27,14
DA:36,6
DA:37,6
DA:39,6
DA:42,6
DA:43,5
DA:45,1
DA:46,1
DA:55,3
DA:57,3
DA:59,4
DA:61,2
DA:62,2
DA:64,2
DA:65,2
DA:69,1
DA:71,1
DA:73,0
DA:76,1
DA:79,1
LF:26
LH:25
BRDA:59,0,0,4
BRDA:59,0,1,2
BRF:2
BRH:2
end_of_record
